<?xml version="1.0" encoding="UTF-8"?>
<testsuite xmlns:xsi="http://www.w3.org/2001/XMLSchema-instance" xsi:noNamespaceSchemaLocation="https://maven.apache.org/surefire/maven-surefire-plugin/xsd/surefire-test-report.xsd" name="com.hxl.blog.BlogApplicationTests" time="6.675" tests="1" errors="0" skipped="0" failures="0">
  <properties>
    <property name="sun.desktop" value="windows"/>
    <property name="awt.toolkit" value="sun.awt.windows.WToolkit"/>
    <property name="file.encoding.pkg" value="sun.io"/>
    <property name="java.specification.version" value="1.8"/>
    <property name="sun.cpu.isalist" value="amd64"/>
    <property name="sun.jnu.encoding" value="GBK"/>
    <property name="java.class.path" value="F:\code\practice\blog\target\test-classes;F:\code\practice\blog\target\classes;F:\javaSoftware\maven\repository\org\springframework\boot\spring-boot-starter-thymeleaf\2.5.2\spring-boot-starter-thymeleaf-2.5.2.jar;F:\javaSoftware\maven\repository\org\springframework\boot\spring-boot-starter\2.5.2\spring-boot-starter-2.5.2.jar;F:\javaSoftware\maven\repository\org\springframework\boot\spring-boot-starter-logging\2.5.2\spring-boot-starter-logging-2.5.2.jar;F:\javaSoftware\maven\repository\ch\qos\logback\logback-classic\1.2.3\logback-classic-1.2.3.jar;F:\javaSoftware\maven\repository\ch\qos\logback\logback-core\1.2.3\logback-core-1.2.3.jar;F:\javaSoftware\maven\repository\org\apache\logging\log4j\log4j-to-slf4j\2.14.1\log4j-to-slf4j-2.14.1.jar;F:\javaSoftware\maven\repository\org\apache\logging\log4j\log4j-api\2.14.1\log4j-api-2.14.1.jar;F:\javaSoftware\maven\repository\org\slf4j\jul-to-slf4j\1.7.31\jul-to-slf4j-1.7.31.jar;F:\javaSoftware\maven\repository\jakarta\annotation\jakarta.annotation-api\1.3.5\jakarta.annotation-api-1.3.5.jar;F:\javaSoftware\maven\repository\org\yaml\snakeyaml\1.28\snakeyaml-1.28.jar;F:\javaSoftware\maven\repository\org\thymeleaf\thymeleaf-spring5\3.0.12.RELEASE\thymeleaf-spring5-3.0.12.RELEASE.jar;F:\javaSoftware\maven\repository\org\thymeleaf\thymeleaf\3.0.12.RELEASE\thymeleaf-3.0.12.RELEASE.jar;F:\javaSoftware\maven\repository\org\attoparser\attoparser\2.0.5.RELEASE\attoparser-2.0.5.RELEASE.jar;F:\javaSoftware\maven\repository\org\unbescape\unbescape\1.1.6.RELEASE\unbescape-1.1.6.RELEASE.jar;F:\javaSoftware\maven\repository\org\slf4j\slf4j-api\1.7.31\slf4j-api-1.7.31.jar;F:\javaSoftware\maven\repository\org\thymeleaf\extras\thymeleaf-extras-java8time\3.0.4.RELEASE\thymeleaf-extras-java8time-3.0.4.RELEASE.jar;F:\javaSoftware\maven\repository\org\springframework\boot\spring-boot-starter-aop\2.5.2\spring-boot-starter-aop-2.5.2.jar;F:\javaSoftware\maven\repository\org\springframework\spring-aop\5.3.8\spring-aop-5.3.8.jar;F:\javaSoftware\maven\repository\org\springframework\spring-beans\5.3.8\spring-beans-5.3.8.jar;F:\javaSoftware\maven\repository\org\aspectj\aspectjweaver\1.9.6\aspectjweaver-1.9.6.jar;F:\javaSoftware\maven\repository\org\springframework\boot\spring-boot-starter-web\2.5.2\spring-boot-starter-web-2.5.2.jar;F:\javaSoftware\maven\repository\org\springframework\boot\spring-boot-starter-json\2.5.2\spring-boot-starter-json-2.5.2.jar;F:\javaSoftware\maven\repository\com\fasterxml\jackson\core\jackson-databind\2.12.3\jackson-databind-2.12.3.jar;F:\javaSoftware\maven\repository\com\fasterxml\jackson\core\jackson-annotations\2.12.3\jackson-annotations-2.12.3.jar;F:\javaSoftware\maven\repository\com\fasterxml\jackson\core\jackson-core\2.12.3\jackson-core-2.12.3.jar;F:\javaSoftware\maven\repository\com\fasterxml\jackson\datatype\jackson-datatype-jdk8\2.12.3\jackson-datatype-jdk8-2.12.3.jar;F:\javaSoftware\maven\repository\com\fasterxml\jackson\datatype\jackson-datatype-jsr310\2.12.3\jackson-datatype-jsr310-2.12.3.jar;F:\javaSoftware\maven\repository\com\fasterxml\jackson\module\jackson-module-parameter-names\2.12.3\jackson-module-parameter-names-2.12.3.jar;F:\javaSoftware\maven\repository\org\springframework\boot\spring-boot-starter-tomcat\2.5.2\spring-boot-starter-tomcat-2.5.2.jar;F:\javaSoftware\maven\repository\org\apache\tomcat\embed\tomcat-embed-core\9.0.48\tomcat-embed-core-9.0.48.jar;F:\javaSoftware\maven\repository\org\apache\tomcat\embed\tomcat-embed-el\9.0.48\tomcat-embed-el-9.0.48.jar;F:\javaSoftware\maven\repository\org\apache\tomcat\embed\tomcat-embed-websocket\9.0.48\tomcat-embed-websocket-9.0.48.jar;F:\javaSoftware\maven\repository\org\springframework\spring-web\5.3.8\spring-web-5.3.8.jar;F:\javaSoftware\maven\repository\org\springframework\spring-webmvc\5.3.8\spring-webmvc-5.3.8.jar;F:\javaSoftware\maven\repository\org\springframework\spring-context\5.3.8\spring-context-5.3.8.jar;F:\javaSoftware\maven\repository\org\springframework\spring-expression\5.3.8\spring-expression-5.3.8.jar;F:\javaSoftware\maven\repository\org\springframework\boot\spring-boot-devtools\2.5.2\spring-boot-devtools-2.5.2.jar;F:\javaSoftware\maven\repository\org\springframework\boot\spring-boot\2.5.2\spring-boot-2.5.2.jar;F:\javaSoftware\maven\repository\org\springframework\boot\spring-boot-autoconfigure\2.5.2\spring-boot-autoconfigure-2.5.2.jar;F:\javaSoftware\maven\repository\mysql\mysql-connector-java\8.0.25\mysql-connector-java-8.0.25.jar;F:\javaSoftware\maven\repository\org\projectlombok\lombok\1.18.20\lombok-1.18.20.jar;F:\javaSoftware\maven\repository\org\springframework\boot\spring-boot-starter-test\2.5.2\spring-boot-starter-test-2.5.2.jar;F:\javaSoftware\maven\repository\org\springframework\boot\spring-boot-test\2.5.2\spring-boot-test-2.5.2.jar;F:\javaSoftware\maven\repository\org\springframework\boot\spring-boot-test-autoconfigure\2.5.2\spring-boot-test-autoconfigure-2.5.2.jar;F:\javaSoftware\maven\repository\com\jayway\jsonpath\json-path\2.5.0\json-path-2.5.0.jar;F:\javaSoftware\maven\repository\net\minidev\json-smart\2.4.7\json-smart-2.4.7.jar;F:\javaSoftware\maven\repository\net\minidev\accessors-smart\2.4.7\accessors-smart-2.4.7.jar;F:\javaSoftware\maven\repository\org\ow2\asm\asm\9.1\asm-9.1.jar;F:\javaSoftware\maven\repository\jakarta\xml\bind\jakarta.xml.bind-api\2.3.3\jakarta.xml.bind-api-2.3.3.jar;F:\javaSoftware\maven\repository\jakarta\activation\jakarta.activation-api\1.2.2\jakarta.activation-api-1.2.2.jar;F:\javaSoftware\maven\repository\org\assertj\assertj-core\3.19.0\assertj-core-3.19.0.jar;F:\javaSoftware\maven\repository\org\hamcrest\hamcrest\2.2\hamcrest-2.2.jar;F:\javaSoftware\maven\repository\org\junit\jupiter\junit-jupiter\5.7.2\junit-jupiter-5.7.2.jar;F:\javaSoftware\maven\repository\org\junit\jupiter\junit-jupiter-api\5.7.2\junit-jupiter-api-5.7.2.jar;F:\javaSoftware\maven\repository\org\apiguardian\apiguardian-api\1.1.0\apiguardian-api-1.1.0.jar;F:\javaSoftware\maven\repository\org\opentest4j\opentest4j\1.2.0\opentest4j-1.2.0.jar;F:\javaSoftware\maven\repository\org\junit\platform\junit-platform-commons\1.7.2\junit-platform-commons-1.7.2.jar;F:\javaSoftware\maven\repository\org\junit\jupiter\junit-jupiter-params\5.7.2\junit-jupiter-params-5.7.2.jar;F:\javaSoftware\maven\repository\org\junit\jupiter\junit-jupiter-engine\5.7.2\junit-jupiter-engine-5.7.2.jar;F:\javaSoftware\maven\repository\org\junit\platform\junit-platform-engine\1.7.2\junit-platform-engine-1.7.2.jar;F:\javaSoftware\maven\repository\org\mockito\mockito-core\3.9.0\mockito-core-3.9.0.jar;F:\javaSoftware\maven\repository\net\bytebuddy\byte-buddy\1.10.22\byte-buddy-1.10.22.jar;F:\javaSoftware\maven\repository\net\bytebuddy\byte-buddy-agent\1.10.22\byte-buddy-agent-1.10.22.jar;F:\javaSoftware\maven\repository\org\objenesis\objenesis\3.2\objenesis-3.2.jar;F:\javaSoftware\maven\repository\org\mockito\mockito-junit-jupiter\3.9.0\mockito-junit-jupiter-3.9.0.jar;F:\javaSoftware\maven\repository\org\skyscreamer\jsonassert\1.5.0\jsonassert-1.5.0.jar;F:\javaSoftware\maven\repository\com\vaadin\external\google\android-json\0.0.20131108.vaadin1\android-json-0.0.20131108.vaadin1.jar;F:\javaSoftware\maven\repository\org\springframework\spring-core\5.3.8\spring-core-5.3.8.jar;F:\javaSoftware\maven\repository\org\springframework\spring-jcl\5.3.8\spring-jcl-5.3.8.jar;F:\javaSoftware\maven\repository\org\springframework\spring-test\5.3.8\spring-test-5.3.8.jar;F:\javaSoftware\maven\repository\org\xmlunit\xmlunit-core\2.8.2\xmlunit-core-2.8.2.jar;F:\javaSoftware\maven\repository\com\alibaba\druid\1.1.10\druid-1.1.10.jar;F:\javaSoftware\maven\repository\com\baomidou\mybatis-plus-boot-starter\3.3.2\mybatis-plus-boot-starter-3.3.2.jar;F:\javaSoftware\maven\repository\com\baomidou\mybatis-plus\3.3.2\mybatis-plus-3.3.2.jar;F:\javaSoftware\maven\repository\com\baomidou\mybatis-plus-extension\3.3.2\mybatis-plus-extension-3.3.2.jar;F:\javaSoftware\maven\repository\com\baomidou\mybatis-plus-core\3.3.2\mybatis-plus-core-3.3.2.jar;F:\javaSoftware\maven\repository\com\baomidou\mybatis-plus-annotation\3.3.2\mybatis-plus-annotation-3.3.2.jar;F:\javaSoftware\maven\repository\com\github\jsqlparser\jsqlparser\3.1\jsqlparser-3.1.jar;F:\javaSoftware\maven\repository\org\mybatis\mybatis\3.5.4\mybatis-3.5.4.jar;F:\javaSoftware\maven\repository\org\mybatis\mybatis-spring\2.0.4\mybatis-spring-2.0.4.jar;F:\javaSoftware\maven\repository\org\springframework\boot\spring-boot-starter-jdbc\2.5.2\spring-boot-starter-jdbc-2.5.2.jar;F:\javaSoftware\maven\repository\com\zaxxer\HikariCP\4.0.3\HikariCP-4.0.3.jar;F:\javaSoftware\maven\repository\org\springframework\spring-jdbc\5.3.8\spring-jdbc-5.3.8.jar;F:\javaSoftware\maven\repository\org\springframework\spring-tx\5.3.8\spring-tx-5.3.8.jar;F:\javaSoftware\maven\repository\com\atlassian\commonmark\commonmark\0.10.0\commonmark-0.10.0.jar;F:\javaSoftware\maven\repository\com\atlassian\commonmark\commonmark-ext-heading-anchor\0.10.0\commonmark-ext-heading-anchor-0.10.0.jar;F:\javaSoftware\maven\repository\com\atlassian\commonmark\commonmark-ext-gfm-tables\0.10.0\commonmark-ext-gfm-tables-0.10.0.jar;F:\javaSoftware\maven\repository\com\alibaba\fastjson\1.2.47\fastjson-1.2.47.jar;"/>
    <property name="java.vm.vendor" value="Oracle Corporation"/>
    <property name="sun.arch.data.model" value="64"/>
    <property name="user.variant" value=""/>
    <property name="java.vendor.url" value="http://java.oracle.com/"/>
    <property name="user.timezone" value="Asia/Shanghai"/>
    <property name="java.vm.specification.version" value="1.8"/>
    <property name="os.name" value="Windows 10"/>
    <property name="user.country" value="CN"/>
    <property name="sun.java.launcher" value="SUN_STANDARD"/>
    <property name="sun.boot.library.path" value="F:\javaSoftware\jdk\jdk1.8\jre\bin"/>
    <property name="sun.java.command" value="C:\Users\shadow\AppData\Local\Temp\surefire4681045650450104778\surefirebooter264563115737791755.jar C:\Users\shadow\AppData\Local\Temp\surefire4681045650450104778 2021-07-12T17-48-27_471-jvmRun1 surefire3245305614606902937tmp surefire_02826906388699707967tmp"/>
    <property name="surefire.test.class.path" value="F:\code\practice\blog\target\test-classes;F:\code\practice\blog\target\classes;F:\javaSoftware\maven\repository\org\springframework\boot\spring-boot-starter-thymeleaf\2.5.2\spring-boot-starter-thymeleaf-2.5.2.jar;F:\javaSoftware\maven\repository\org\springframework\boot\spring-boot-starter\2.5.2\spring-boot-starter-2.5.2.jar;F:\javaSoftware\maven\repository\org\springframework\boot\spring-boot-starter-logging\2.5.2\spring-boot-starter-logging-2.5.2.jar;F:\javaSoftware\maven\repository\ch\qos\logback\logback-classic\1.2.3\logback-classic-1.2.3.jar;F:\javaSoftware\maven\repository\ch\qos\logback\logback-core\1.2.3\logback-core-1.2.3.jar;F:\javaSoftware\maven\repository\org\apache\logging\log4j\log4j-to-slf4j\2.14.1\log4j-to-slf4j-2.14.1.jar;F:\javaSoftware\maven\repository\org\apache\logging\log4j\log4j-api\2.14.1\log4j-api-2.14.1.jar;F:\javaSoftware\maven\repository\org\slf4j\jul-to-slf4j\1.7.31\jul-to-slf4j-1.7.31.jar;F:\javaSoftware\maven\repository\jakarta\annotation\jakarta.annotation-api\1.3.5\jakarta.annotation-api-1.3.5.jar;F:\javaSoftware\maven\repository\org\yaml\snakeyaml\1.28\snakeyaml-1.28.jar;F:\javaSoftware\maven\repository\org\thymeleaf\thymeleaf-spring5\3.0.12.RELEASE\thymeleaf-spring5-3.0.12.RELEASE.jar;F:\javaSoftware\maven\repository\org\thymeleaf\thymeleaf\3.0.12.RELEASE\thymeleaf-3.0.12.RELEASE.jar;F:\javaSoftware\maven\repository\org\attoparser\attoparser\2.0.5.RELEASE\attoparser-2.0.5.RELEASE.jar;F:\javaSoftware\maven\repository\org\unbescape\unbescape\1.1.6.RELEASE\unbescape-1.1.6.RELEASE.jar;F:\javaSoftware\maven\repository\org\slf4j\slf4j-api\1.7.31\slf4j-api-1.7.31.jar;F:\javaSoftware\maven\repository\org\thymeleaf\extras\thymeleaf-extras-java8time\3.0.4.RELEASE\thymeleaf-extras-java8time-3.0.4.RELEASE.jar;F:\javaSoftware\maven\repository\org\springframework\boot\spring-boot-starter-aop\2.5.2\spring-boot-starter-aop-2.5.2.jar;F:\javaSoftware\maven\repository\org\springframework\spring-aop\5.3.8\spring-aop-5.3.8.jar;F:\javaSoftware\maven\repository\org\springframework\spring-beans\5.3.8\spring-beans-5.3.8.jar;F:\javaSoftware\maven\repository\org\aspectj\aspectjweaver\1.9.6\aspectjweaver-1.9.6.jar;F:\javaSoftware\maven\repository\org\springframework\boot\spring-boot-starter-web\2.5.2\spring-boot-starter-web-2.5.2.jar;F:\javaSoftware\maven\repository\org\springframework\boot\spring-boot-starter-json\2.5.2\spring-boot-starter-json-2.5.2.jar;F:\javaSoftware\maven\repository\com\fasterxml\jackson\core\jackson-databind\2.12.3\jackson-databind-2.12.3.jar;F:\javaSoftware\maven\repository\com\fasterxml\jackson\core\jackson-annotations\2.12.3\jackson-annotations-2.12.3.jar;F:\javaSoftware\maven\repository\com\fasterxml\jackson\core\jackson-core\2.12.3\jackson-core-2.12.3.jar;F:\javaSoftware\maven\repository\com\fasterxml\jackson\datatype\jackson-datatype-jdk8\2.12.3\jackson-datatype-jdk8-2.12.3.jar;F:\javaSoftware\maven\repository\com\fasterxml\jackson\datatype\jackson-datatype-jsr310\2.12.3\jackson-datatype-jsr310-2.12.3.jar;F:\javaSoftware\maven\repository\com\fasterxml\jackson\module\jackson-module-parameter-names\2.12.3\jackson-module-parameter-names-2.12.3.jar;F:\javaSoftware\maven\repository\org\springframework\boot\spring-boot-starter-tomcat\2.5.2\spring-boot-starter-tomcat-2.5.2.jar;F:\javaSoftware\maven\repository\org\apache\tomcat\embed\tomcat-embed-core\9.0.48\tomcat-embed-core-9.0.48.jar;F:\javaSoftware\maven\repository\org\apache\tomcat\embed\tomcat-embed-el\9.0.48\tomcat-embed-el-9.0.48.jar;F:\javaSoftware\maven\repository\org\apache\tomcat\embed\tomcat-embed-websocket\9.0.48\tomcat-embed-websocket-9.0.48.jar;F:\javaSoftware\maven\repository\org\springframework\spring-web\5.3.8\spring-web-5.3.8.jar;F:\javaSoftware\maven\repository\org\springframework\spring-webmvc\5.3.8\spring-webmvc-5.3.8.jar;F:\javaSoftware\maven\repository\org\springframework\spring-context\5.3.8\spring-context-5.3.8.jar;F:\javaSoftware\maven\repository\org\springframework\spring-expression\5.3.8\spring-expression-5.3.8.jar;F:\javaSoftware\maven\repository\org\springframework\boot\spring-boot-devtools\2.5.2\spring-boot-devtools-2.5.2.jar;F:\javaSoftware\maven\repository\org\springframework\boot\spring-boot\2.5.2\spring-boot-2.5.2.jar;F:\javaSoftware\maven\repository\org\springframework\boot\spring-boot-autoconfigure\2.5.2\spring-boot-autoconfigure-2.5.2.jar;F:\javaSoftware\maven\repository\mysql\mysql-connector-java\8.0.25\mysql-connector-java-8.0.25.jar;F:\javaSoftware\maven\repository\org\projectlombok\lombok\1.18.20\lombok-1.18.20.jar;F:\javaSoftware\maven\repository\org\springframework\boot\spring-boot-starter-test\2.5.2\spring-boot-starter-test-2.5.2.jar;F:\javaSoftware\maven\repository\org\springframework\boot\spring-boot-test\2.5.2\spring-boot-test-2.5.2.jar;F:\javaSoftware\maven\repository\org\springframework\boot\spring-boot-test-autoconfigure\2.5.2\spring-boot-test-autoconfigure-2.5.2.jar;F:\javaSoftware\maven\repository\com\jayway\jsonpath\json-path\2.5.0\json-path-2.5.0.jar;F:\javaSoftware\maven\repository\net\minidev\json-smart\2.4.7\json-smart-2.4.7.jar;F:\javaSoftware\maven\repository\net\minidev\accessors-smart\2.4.7\accessors-smart-2.4.7.jar;F:\javaSoftware\maven\repository\org\ow2\asm\asm\9.1\asm-9.1.jar;F:\javaSoftware\maven\repository\jakarta\xml\bind\jakarta.xml.bind-api\2.3.3\jakarta.xml.bind-api-2.3.3.jar;F:\javaSoftware\maven\repository\jakarta\activation\jakarta.activation-api\1.2.2\jakarta.activation-api-1.2.2.jar;F:\javaSoftware\maven\repository\org\assertj\assertj-core\3.19.0\assertj-core-3.19.0.jar;F:\javaSoftware\maven\repository\org\hamcrest\hamcrest\2.2\hamcrest-2.2.jar;F:\javaSoftware\maven\repository\org\junit\jupiter\junit-jupiter\5.7.2\junit-jupiter-5.7.2.jar;F:\javaSoftware\maven\repository\org\junit\jupiter\junit-jupiter-api\5.7.2\junit-jupiter-api-5.7.2.jar;F:\javaSoftware\maven\repository\org\apiguardian\apiguardian-api\1.1.0\apiguardian-api-1.1.0.jar;F:\javaSoftware\maven\repository\org\opentest4j\opentest4j\1.2.0\opentest4j-1.2.0.jar;F:\javaSoftware\maven\repository\org\junit\platform\junit-platform-commons\1.7.2\junit-platform-commons-1.7.2.jar;F:\javaSoftware\maven\repository\org\junit\jupiter\junit-jupiter-params\5.7.2\junit-jupiter-params-5.7.2.jar;F:\javaSoftware\maven\repository\org\junit\jupiter\junit-jupiter-engine\5.7.2\junit-jupiter-engine-5.7.2.jar;F:\javaSoftware\maven\repository\org\junit\platform\junit-platform-engine\1.7.2\junit-platform-engine-1.7.2.jar;F:\javaSoftware\maven\repository\org\mockito\mockito-core\3.9.0\mockito-core-3.9.0.jar;F:\javaSoftware\maven\repository\net\bytebuddy\byte-buddy\1.10.22\byte-buddy-1.10.22.jar;F:\javaSoftware\maven\repository\net\bytebuddy\byte-buddy-agent\1.10.22\byte-buddy-agent-1.10.22.jar;F:\javaSoftware\maven\repository\org\objenesis\objenesis\3.2\objenesis-3.2.jar;F:\javaSoftware\maven\repository\org\mockito\mockito-junit-jupiter\3.9.0\mockito-junit-jupiter-3.9.0.jar;F:\javaSoftware\maven\repository\org\skyscreamer\jsonassert\1.5.0\jsonassert-1.5.0.jar;F:\javaSoftware\maven\repository\com\vaadin\external\google\android-json\0.0.20131108.vaadin1\android-json-0.0.20131108.vaadin1.jar;F:\javaSoftware\maven\repository\org\springframework\spring-core\5.3.8\spring-core-5.3.8.jar;F:\javaSoftware\maven\repository\org\springframework\spring-jcl\5.3.8\spring-jcl-5.3.8.jar;F:\javaSoftware\maven\repository\org\springframework\spring-test\5.3.8\spring-test-5.3.8.jar;F:\javaSoftware\maven\repository\org\xmlunit\xmlunit-core\2.8.2\xmlunit-core-2.8.2.jar;F:\javaSoftware\maven\repository\com\alibaba\druid\1.1.10\druid-1.1.10.jar;F:\javaSoftware\maven\repository\com\baomidou\mybatis-plus-boot-starter\3.3.2\mybatis-plus-boot-starter-3.3.2.jar;F:\javaSoftware\maven\repository\com\baomidou\mybatis-plus\3.3.2\mybatis-plus-3.3.2.jar;F:\javaSoftware\maven\repository\com\baomidou\mybatis-plus-extension\3.3.2\mybatis-plus-extension-3.3.2.jar;F:\javaSoftware\maven\repository\com\baomidou\mybatis-plus-core\3.3.2\mybatis-plus-core-3.3.2.jar;F:\javaSoftware\maven\repository\com\baomidou\mybatis-plus-annotation\3.3.2\mybatis-plus-annotation-3.3.2.jar;F:\javaSoftware\maven\repository\com\github\jsqlparser\jsqlparser\3.1\jsqlparser-3.1.jar;F:\javaSoftware\maven\repository\org\mybatis\mybatis\3.5.4\mybatis-3.5.4.jar;F:\javaSoftware\maven\repository\org\mybatis\mybatis-spring\2.0.4\mybatis-spring-2.0.4.jar;F:\javaSoftware\maven\repository\org\springframework\boot\spring-boot-starter-jdbc\2.5.2\spring-boot-starter-jdbc-2.5.2.jar;F:\javaSoftware\maven\repository\com\zaxxer\HikariCP\4.0.3\HikariCP-4.0.3.jar;F:\javaSoftware\maven\repository\org\springframework\spring-jdbc\5.3.8\spring-jdbc-5.3.8.jar;F:\javaSoftware\maven\repository\org\springframework\spring-tx\5.3.8\spring-tx-5.3.8.jar;F:\javaSoftware\maven\repository\com\atlassian\commonmark\commonmark\0.10.0\commonmark-0.10.0.jar;F:\javaSoftware\maven\repository\com\atlassian\commonmark\commonmark-ext-heading-anchor\0.10.0\commonmark-ext-heading-anchor-0.10.0.jar;F:\javaSoftware\maven\repository\com\atlassian\commonmark\commonmark-ext-gfm-tables\0.10.0\commonmark-ext-gfm-tables-0.10.0.jar;F:\javaSoftware\maven\repository\com\alibaba\fastjson\1.2.47\fastjson-1.2.47.jar;"/>
    <property name="sun.cpu.endian" value="little"/>
    <property name="user.home" value="C:\Users\shadow"/>
    <property name="user.language" value="zh"/>
    <property name="java.specification.vendor" value="Oracle Corporation"/>
    <property name="java.home" value="F:\javaSoftware\jdk\jdk1.8\jre"/>
    <property name="basedir" value="F:\code\practice\blog"/>
    <property name="file.separator" value="\"/>
    <property name="line.separator" value="&#10;"/>
    <property name="idea.version2019.2.4" value="true"/>
    <property name="java.vm.specification.vendor" value="Oracle Corporation"/>
    <property name="java.specification.name" value="Java Platform API Specification"/>
    <property name="java.awt.graphicsenv" value="sun.awt.Win32GraphicsEnvironment"/>
    <property name="surefire.real.class.path" value="C:\Users\shadow\AppData\Local\Temp\surefire4681045650450104778\surefirebooter264563115737791755.jar"/>
    <property name="sun.boot.class.path" value="F:\javaSoftware\jdk\jdk1.8\jre\lib\resources.jar;F:\javaSoftware\jdk\jdk1.8\jre\lib\rt.jar;F:\javaSoftware\jdk\jdk1.8\jre\lib\sunrsasign.jar;F:\javaSoftware\jdk\jdk1.8\jre\lib\jsse.jar;F:\javaSoftware\jdk\jdk1.8\jre\lib\jce.jar;F:\javaSoftware\jdk\jdk1.8\jre\lib\charsets.jar;F:\javaSoftware\jdk\jdk1.8\jre\lib\jfr.jar;F:\javaSoftware\jdk\jdk1.8\jre\classes"/>
    <property name="user.script" value=""/>
    <property name="sun.management.compiler" value="HotSpot 64-Bit Tiered Compilers"/>
    <property name="java.runtime.version" value="1.8.0_271-b09"/>
    <property name="user.name" value="shadow"/>
    <property name="path.separator" value=";"/>
    <property name="os.version" value="10.0"/>
    <property name="java.endorsed.dirs" value="F:\javaSoftware\jdk\jdk1.8\jre\lib\endorsed"/>
    <property name="java.runtime.name" value="Java(TM) SE Runtime Environment"/>
    <property name="file.encoding" value="GBK"/>
    <property name="java.vm.name" value="Java HotSpot(TM) 64-Bit Server VM"/>
    <property name="localRepository" value="F:\javaSoftware\maven\repository"/>
    <property name="java.vendor.url.bug" value="http://bugreport.sun.com/bugreport/"/>
    <property name="java.io.tmpdir" value="C:\Users\shadow\AppData\Local\Temp\"/>
    <property name="java.version" value="1.8.0_271"/>
    <property name="user.dir" value="F:\code\practice\blog"/>
    <property name="os.arch" value="amd64"/>
    <property name="java.vm.specification.name" value="Java Virtual Machine Specification"/>
    <property name="java.awt.printerjob" value="sun.awt.windows.WPrinterJob"/>
    <property name="sun.os.patch.level" value=""/>
    <property name="java.library.path" value="F:\javaSoftware\jdk\jdk1.8\jre\bin;C:\Windows\Sun\Java\bin;C:\Windows\system32;C:\Windows;C:\oraclexe\app\oracle\product\11.2.0\server\bin;;C:\Program Files (x86)\Common Files\Intel\Shared Libraries\redist\intel64\compiler;C:\Program Files (x86)\Common Files\Oracle\Java\javapath;C:\Windows\system32;C:\Windows;C:\Windows\System32\Wbem;C:\Windows\System32\WindowsPowerShell\v1.0\;C:\Windows\System32\OpenSSH\;F:\git\Git\cmd;F:\python\anaconda3\Scripts;F:\python\anaconda3;;C:\Program Files (x86)\NVIDIA Corporation\PhysX\Common;C:\Program Files\NVIDIA Corporation\NVIDIA NvDLISR;F:\xshell\;F:\xftp\;F:\node.js\;C:\Program Files\dotnet\;C:\Program Files\Microsoft SQL Server\130\Tools\Binn\;C:\Program Files\Microsoft SQL Server\Client SDK\ODBC\170\Tools\Binn\;C:\Program Files (x86)\Microsoft SQL Server\150\Tools\Binn\;C:\Program Files\Microsoft SQL Server\150\Tools\Binn\;C:\Program Files\Microsoft SQL Server\150\DTS\Binn\;C:\Program Files (x86)\Microsoft SQL Server\150\DTS\Binn\;C:\Program Files\Azure Data Studio\bin;C:\Users\shadow\AppData\Local\Microsoft\WindowsApps;F:\javaSoftware\jdk\jdk1.8\bin;D:\bandizip\;F:\javaSoftware\maven\apache-maven-3.8.1\bin;F:\javaSoftware\tomcat\apache-tomcat-9.0.45\bin;F:\database\mysql\mysql-8.0.25\bin;F:\vscode\Microsoft VS Code\bin;F:\node.js\node_global;C:\Users\shadow\.dotnet\tools;C:\Program Files\Azure Data Studio\bin;."/>
    <property name="java.vm.info" value="mixed mode"/>
    <property name="java.vendor" value="Oracle Corporation"/>
    <property name="java.vm.version" value="25.271-b09"/>
    <property name="java.ext.dirs" value="F:\javaSoftware\jdk\jdk1.8\jre\lib\ext;C:\Windows\Sun\Java\lib\ext"/>
    <property name="sun.io.unicode.encoding" value="UnicodeLittle"/>
    <property name="maven.repo.local" value="F:\javaSoftware\maven\repository"/>
    <property name="java.class.version" value="52.0"/>
  </properties>
  <testcase name="contextLoads" classname="com.hxl.blog.BlogApplicationTests" time="1.803"/>
</testsuite>